<?xml version="1.0" encoding="UTF-8"?>
<!-- Generated by org.testng.reporters.JUnitReportReporter -->
<testsuite hostname="JaikumarSundar" failures="0" tests="2" name="package1.ContactTest" time="0.006" errors="0" timestamp="29 Jul 2024 07:05:34 GMT" skipped="0">
  <testcase classname="package1.ContactTest" name="createContactTest" time="0.005"/>
  <testcase classname="package1.ContactTest" name="modifyContactTest" time="0.001"/>
</testsuite> <!-- package1.ContactTest -->
