<?xml version="1.0" encoding="UTF-8"?>
<!-- Generated by org.testng.reporters.JUnitReportReporter -->
<testsuite hostname="JaikumarSundar" failures="0" tests="2" name="package2.orgTest" time="0.000" errors="0" timestamp="29 Jul 2024 07:05:34 GMT" skipped="0">
  <testcase classname="package2.orgTest" name="createOrgTest" time="0.000"/>
  <testcase classname="package2.orgTest" name="modifyOrgTest" time="0.000"/>
</testsuite> <!-- package2.orgTest -->
